srun: Job step aborted: Waiting up to 32 seconds for job step to finish.
slurmstepd: error: *** STEP 361941.0 ON hercules-02-23 CANCELLED AT 2024-01-05T14:51:42 ***
slurmstepd: error: *** JOB 361941 ON hercules-02-23 CANCELLED AT 2024-01-05T14:51:42 ***
