srun: Job step aborted: Waiting up to 32 seconds for job step to finish.
slurmstepd: error: *** STEP 358748.0 ON hercules-03-39 CANCELLED AT 2024-01-04T13:57:14 ***
slurmstepd: error: *** JOB 358748 ON hercules-03-39 CANCELLED AT 2024-01-04T13:57:14 ***
