srun: Job step aborted: Waiting up to 32 seconds for job step to finish.
slurmstepd: error: *** STEP 362957.0 ON hercules-01-44 CANCELLED AT 2024-01-05T18:13:48 ***
slurmstepd: error: *** JOB 362957 ON hercules-01-44 CANCELLED AT 2024-01-05T18:13:48 ***
