srun: Job step aborted: Waiting up to 32 seconds for job step to finish.
slurmstepd: error: *** STEP 361924.0 ON hercules-01-52 CANCELLED AT 2024-01-05T13:37:47 ***
slurmstepd: error: *** JOB 361924 ON hercules-01-52 CANCELLED AT 2024-01-05T13:37:47 ***
