srun: Job step aborted: Waiting up to 32 seconds for job step to finish.
slurmstepd: error: *** STEP 344625.0 ON hercules-05-38 CANCELLED AT 2023-12-29T11:50:25 ***
slurmstepd: error: *** JOB 344625 ON hercules-05-38 CANCELLED AT 2023-12-29T11:50:25 ***
